Using pre-set license
Built from '2020.3/staging' branch; Version is '2020.3.18f1 (a7d1c678663c) revision 10998214'; Using compiler version '192528614'; Build Type 'Release'
OS: 'Windows 10 Home; OS build 19042.1165; Version 2009; 64bit' Language: 'en' Physical Memory: 4008 MB
BatchMode: 1, IsHumanControllingUs: 0, StartBugReporterOnCrash: 0, Is64bit: 1, IsPro: 0

COMMAND LINE ARGUMENTS:
C:\Program Files\Unity\Hub\Editor\2020.3.18f1\Editor\Unity.exe
-adb2
-batchMode
-noUpm
-name
AssetImportWorker0
-projectPath
C:/Users/Ramona/Documents/projecten/Buurman buurman/Pastedog/pp/Island_eater_2d
-logFile
Logs/AssetImportWorker0.log
-srvPort
49574
Successfully changed project path to: C:/Users/Ramona/Documents/projecten/Buurman buurman/Pastedog/pp/Island_eater_2d
C:/Users/Ramona/Documents/projecten/Buurman buurman/Pastedog/pp/Island_eater_2d
Using Asset Import Pipeline V2.
Refreshing native plugins compatible for Editor in 433.09 ms, found 2 plugins.
Preloading 0 native plugins for Editor in 0.00 ms.
Initialize engine version: 2020.3.18f1 (a7d1c678663c)
[Subsystems] Discovering subsystems at path C:/Program Files/Unity/Hub/Editor/2020.3.18f1/Editor/Data/Resources/UnitySubsystems
[Subsystems] Discovering subsystems at path C:/Users/Ramona/Documents/projecten/Buurman buurman/Pastedog/pp/Island_eater_2d/Assets
GfxDevice: creating device client; threaded=0
Direct3D:
    Version:  Direct3D 11.0 [level 11.1]
    Renderer: Intel(R) HD Graphics 5500 (ID=0x1616)
    Vendor:   
    VRAM:     2004 MB
    Driver:   20.19.15.4835
Shader 'MoreMountains/MMRipple': fallback shader 'Particle/AlphaBlended' not found
Initialize mono
Mono path[0] = 'C:/Program Files/Unity/Hub/Editor/2020.3.18f1/Editor/Data/Managed'
Mono path[1] = 'C:/Program Files/Unity/Hub/Editor/2020.3.18f1/Editor/Data/MonoBleedingEdge/lib/mono/unityjit'
Mono config path = 'C:/Program Files/Unity/Hub/Editor/2020.3.18f1/Editor/Data/MonoBleedingEdge/etc'
Using monoOptions --debugger-agent=transport=dt_socket,embedding=1,server=y,suspend=n,address=127.0.0.1:56832
Begin MonoManager ReloadAssembly
Registering precompiled unity dll's ...
Register platform support module: C:/Program Files/Unity/Hub/Editor/2020.3.18f1/Editor/Data/PlaybackEngines/WebGLSupport/UnityEditor.WebGL.Extensions.dll
Register platform support module: C:/Program Files/Unity/Hub/Editor/2020.3.18f1/Editor/Data/PlaybackEngines/WindowsStandaloneSupport/UnityEditor.WindowsStandalone.Extensions.dll
Registered in 0.007985 seconds.
Native extension for WindowsStandalone target not found
Native extension for WebGL target not found
Refreshing native plugins compatible for Editor in 266.52 ms, found 2 plugins.
Preloading 0 native plugins for Editor in 0.00 ms.
Mono: successfully reloaded assembly
- Completed reload, in  6.634 seconds
Domain Reload Profiling:
	ReloadAssembly (6634ms)
		BeginReloadAssembly (149ms)
			ExecutionOrderSort (0ms)
			DisableScriptedObjects (0ms)
			BackupInstance (0ms)
			ReleaseScriptingObjects (0ms)
			CreateAndSetChildDomain (1ms)
		EndReloadAssembly (984ms)
			LoadAssemblies (145ms)
			RebuildTransferFunctionScriptingTraits (0ms)
			SetupTypeCache (296ms)
			ReleaseScriptCaches (0ms)
			RebuildScriptCaches (51ms)
			SetupLoadedEditorAssemblies (504ms)
				LogAssemblyErrors (0ms)
				InitializePlatformSupportModulesInManaged (9ms)
				SetLoadedEditorAssemblies (0ms)
				RefreshPlugins (267ms)
				BeforeProcessingInitializeOnLoad (21ms)
				ProcessInitializeOnLoadAttributes (153ms)
				ProcessInitializeOnLoadMethodAttributes (53ms)
				AfterProcessingInitializeOnLoad (0ms)
				EditorAssembliesLoaded (0ms)
			ExecutionOrderSort2 (0ms)
			AwakeInstancesAfterBackupRestoration (0ms)
Platform modules already initialized, skipping
Registering precompiled user dll's ...
Registered in 0.087018 seconds.
Begin MonoManager ReloadAssembly
Native extension for WindowsStandalone target not found
Native extension for WebGL target not found
Refreshing native plugins compatible for Editor in 2.79 ms, found 2 plugins.
Preloading 0 native plugins for Editor in 0.00 ms.
Mono: successfully reloaded assembly
- Completed reload, in  5.515 seconds
Domain Reload Profiling:
	ReloadAssembly (5522ms)
		BeginReloadAssembly (283ms)
			ExecutionOrderSort (0ms)
			DisableScriptedObjects (8ms)
			BackupInstance (0ms)
			ReleaseScriptingObjects (0ms)
			CreateAndSetChildDomain (33ms)
		EndReloadAssembly (5104ms)
			LoadAssemblies (367ms)
			RebuildTransferFunctionScriptingTraits (0ms)
			SetupTypeCache (788ms)
			ReleaseScriptCaches (2ms)
			RebuildScriptCaches (209ms)
			SetupLoadedEditorAssemblies (3229ms)
				LogAssemblyErrors (0ms)
				InitializePlatformSupportModulesInManaged (24ms)
				SetLoadedEditorAssemblies (1ms)
				RefreshPlugins (3ms)
				BeforeProcessingInitializeOnLoad (276ms)
				ProcessInitializeOnLoadAttributes (1175ms)
				ProcessInitializeOnLoadMethodAttributes (1729ms)
				AfterProcessingInitializeOnLoad (20ms)
				EditorAssembliesLoaded (1ms)
			ExecutionOrderSort2 (0ms)
			AwakeInstancesAfterBackupRestoration (27ms)
Platform modules already initialized, skipping
========================================================================
Worker process is ready to serve import requests
Shader 'MoreMountains/MMRipple': fallback shader 'Particle/AlphaBlended' not found
Launched and connected shader compiler UnityShaderCompiler.exe after 0.51 seconds
Refreshing native plugins compatible for Editor in 3.49 ms, found 2 plugins.
Preloading 0 native plugins for Editor in 0.00 ms.
Unloading 5038 Unused Serialized files (Serialized files now loaded: 0)
System memory in use before: 442.9 MB.
System memory in use after: 443.1 MB.

Unloading 453 unused Assets to reduce memory usage. Loaded Objects now: 5540.
Total: 16.992100 ms (FindLiveObjects: 1.036900 ms CreateObjectMapping: 0.721900 ms MarkObjects: 14.002700 ms  DeleteObjects: 1.227900 ms)

AssetImportParameters requested are different than current active one (requested -> active):
  custom:framework-win-MediaFoundation: 216162199b28c13a410421893ffa2e32 -> 
  custom:video-decoder-ogg-theora: a1e56fd34408186e4bbccfd4996cb3dc -> 
  custom:container-muxer-webm: aa71ff27fc2769a1b78a27578f13a17b -> 
  custom:container-demuxer-webm: 4f35f7cbe854078d1ac9338744f61a02 -> 
  custom:container-demuxer-ogg: 62fdf1f143b41e24485cea50d1cbac27 -> 
  custom:video-encoder-webm-vp8: eb34c28f22e8b96e1ab97ce403110664 -> 
  custom:video-decoder-webm-vp8: 9c59270c3fd7afecdb556c50c9e8de78 -> 
  custom:audio-decoder-ogg-vorbis: bf7c407c2cedff20999df2af8eb42d56 -> 
  custom:audio-encoder-webm-vorbis: bf7c407c2cedff20999df2af8eb42d56 -> 
========================================================================
Received Import Request.
  path: Assets/Scenes/Level 1/Level 6.unity
  artifactKey: Guid(6d84c6326090a824ebc0d54f9a115071) Importer(815301076,1909f56bfc062723c751e8b465ee728b)
Start importing Assets/Scenes/Level 1/Level 6.unity using Guid(6d84c6326090a824ebc0d54f9a115071) Importer(815301076,1909f56bfc062723c751e8b465ee728b)  -> (artifact id: 'bee7351d5c8b6767a45b8edcffe253b6') in 0.076798 seconds 
  Import took 0.096570 seconds .

========================================================================
Received Import Request.
  Time since last request: 624.770864 seconds.
  path: Assets/Scenes/Level 1/Level 7.unity
  artifactKey: Guid(4f5311d249d5da34880e3ea34693f5b3) Importer(815301076,1909f56bfc062723c751e8b465ee728b)
Start importing Assets/Scenes/Level 1/Level 7.unity using Guid(4f5311d249d5da34880e3ea34693f5b3) Importer(815301076,1909f56bfc062723c751e8b465ee728b)  -> (artifact id: '8718bec22008267ecc5e52d154f721fe') in 0.031157 seconds 
  Import took 0.067427 seconds .

========================================================================
Received Import Request.
  Time since last request: 124.186881 seconds.
  path: Assets/Scenes/Level 1/Level 1.unity
  artifactKey: Guid(97b176a0707754842b9ed4f50b6bb611) Importer(815301076,1909f56bfc062723c751e8b465ee728b)
Start importing Assets/Scenes/Level 1/Level 1.unity using Guid(97b176a0707754842b9ed4f50b6bb611) Importer(815301076,1909f56bfc062723c751e8b465ee728b)  -> (artifact id: '2e66e005a12b86aa5613657da139ecac') in 0.035733 seconds 
  Import took 0.087565 seconds .

========================================================================
Received Import Request.
  Time since last request: 11.526965 seconds.
  path: Assets/Scenes/Level 1/Level 2.unity
  artifactKey: Guid(f5770cc7f8744b5468301eae61bb2a36) Importer(815301076,1909f56bfc062723c751e8b465ee728b)
Start importing Assets/Scenes/Level 1/Level 2.unity using Guid(f5770cc7f8744b5468301eae61bb2a36) Importer(815301076,1909f56bfc062723c751e8b465ee728b)  -> (artifact id: 'f72a17dea7053d09d99de3a201dbffbe') in 0.030031 seconds 
  Import took 0.057237 seconds .

========================================================================
Received Import Request.
  Time since last request: 11.336846 seconds.
  path: Assets/Scenes/Level 1/Level 3.unity
  artifactKey: Guid(8f7bc19b802a9394089aa2f73062e1c8) Importer(815301076,1909f56bfc062723c751e8b465ee728b)
Start importing Assets/Scenes/Level 1/Level 3.unity using Guid(8f7bc19b802a9394089aa2f73062e1c8) Importer(815301076,1909f56bfc062723c751e8b465ee728b)  -> (artifact id: '46acbd09359c8567bd3496608b4e5b34') in 0.033760 seconds 
  Import took 0.060030 seconds .

========================================================================
Received Import Request.
  Time since last request: 12.381189 seconds.
  path: Assets/Scenes/Level 1/Level 4.unity
  artifactKey: Guid(82477e2debe499542abf7898155d2134) Importer(815301076,1909f56bfc062723c751e8b465ee728b)
Start importing Assets/Scenes/Level 1/Level 4.unity using Guid(82477e2debe499542abf7898155d2134) Importer(815301076,1909f56bfc062723c751e8b465ee728b)  -> (artifact id: '46e2e43f98695ba74fa057708b28a78a') in 0.021029 seconds 
  Import took 0.047741 seconds .

========================================================================
Received Import Request.
  Time since last request: 14.735762 seconds.
  path: Assets/Scenes/Level 1/Level 5.unity
  artifactKey: Guid(593e0d1ce29cd8841a1fc301cbc609e1) Importer(815301076,1909f56bfc062723c751e8b465ee728b)
Start importing Assets/Scenes/Level 1/Level 5.unity using Guid(593e0d1ce29cd8841a1fc301cbc609e1) Importer(815301076,1909f56bfc062723c751e8b465ee728b)  -> (artifact id: 'e5f4d33ffa485351872b3d1a358695c4') in 0.018308 seconds 
  Import took 0.049397 seconds .

========================================================================
Received Import Request.
  Time since last request: 13.500890 seconds.
  path: Assets/Scenes/Level 1/Level 6.unity
  artifactKey: Guid(6d84c6326090a824ebc0d54f9a115071) Importer(815301076,1909f56bfc062723c751e8b465ee728b)
Start importing Assets/Scenes/Level 1/Level 6.unity using Guid(6d84c6326090a824ebc0d54f9a115071) Importer(815301076,1909f56bfc062723c751e8b465ee728b)  -> (artifact id: '68484465cf08572520bfde3079334ed9') in 0.017773 seconds 
  Import took 0.051984 seconds .

========================================================================
Received Import Request.
  Time since last request: 10.869290 seconds.
  path: Assets/Scenes/Level 1/Level 7.unity
  artifactKey: Guid(4f5311d249d5da34880e3ea34693f5b3) Importer(815301076,1909f56bfc062723c751e8b465ee728b)
Start importing Assets/Scenes/Level 1/Level 7.unity using Guid(4f5311d249d5da34880e3ea34693f5b3) Importer(815301076,1909f56bfc062723c751e8b465ee728b)  -> (artifact id: 'f5c0d2694c12123381fe9d7494922ce8') in 0.020120 seconds 
  Import took 0.052677 seconds .

========================================================================
Received Import Request.
  Time since last request: 211.635298 seconds.
  path: Assets/Scenes/Level 2/Level 12.unity
  artifactKey: Guid(5ec2484af6043e24c8398f8b3cf835b6) Importer(815301076,1909f56bfc062723c751e8b465ee728b)
Start importing Assets/Scenes/Level 2/Level 12.unity using Guid(5ec2484af6043e24c8398f8b3cf835b6) Importer(815301076,1909f56bfc062723c751e8b465ee728b)  -> (artifact id: 'e5acbaf533d1e1b620b9924a9e95ff3a') in 0.036346 seconds 
  Import took 0.070464 seconds .

========================================================================
Received Import Request.
  Time since last request: 67.122124 seconds.
  path: Assets/Scenes/Level 2/Level 11.unity
  artifactKey: Guid(d7b5bb7d36eed4142a86671fa89d2b6f) Importer(815301076,1909f56bfc062723c751e8b465ee728b)
Start importing Assets/Scenes/Level 2/Level 11.unity using Guid(d7b5bb7d36eed4142a86671fa89d2b6f) Importer(815301076,1909f56bfc062723c751e8b465ee728b)  -> (artifact id: '07b0403f779b98fcd5878d630e86004a') in 0.035303 seconds 
  Import took 0.063339 seconds .

========================================================================
Received Import Request.
  Time since last request: 74.250878 seconds.
  path: Assets/Scenes/Level 2/Level 15.unity
  artifactKey: Guid(7dba359302c886943aa9e450262c70d9) Importer(815301076,1909f56bfc062723c751e8b465ee728b)
Start importing Assets/Scenes/Level 2/Level 15.unity using Guid(7dba359302c886943aa9e450262c70d9) Importer(815301076,1909f56bfc062723c751e8b465ee728b)  -> (artifact id: '56b6145313745ff111b26317d91b8b13') in 0.034949 seconds 
  Import took 0.067161 seconds .

========================================================================
Received Import Request.
  Time since last request: 142.396007 seconds.
  path: Assets/Scenes/Level 2/Level 17.unity
  artifactKey: Guid(22fb869e9b8ddc64f96918ad02727c73) Importer(815301076,1909f56bfc062723c751e8b465ee728b)
Start importing Assets/Scenes/Level 2/Level 17.unity using Guid(22fb869e9b8ddc64f96918ad02727c73) Importer(815301076,1909f56bfc062723c751e8b465ee728b)  -> (artifact id: '9ae8a96e9e86e87540d23bbe92e1e983') in 0.033120 seconds 
  Import took 0.066865 seconds .

========================================================================
Received Import Request.
  Time since last request: 63.550814 seconds.
  path: Assets/Scenes/Level 2/Level 18.unity
  artifactKey: Guid(cd24dc5c1f16eb1428caf4d6065e9802) Importer(815301076,1909f56bfc062723c751e8b465ee728b)
Start importing Assets/Scenes/Level 2/Level 18.unity using Guid(cd24dc5c1f16eb1428caf4d6065e9802) Importer(815301076,1909f56bfc062723c751e8b465ee728b)  -> (artifact id: '38aebcf14f4c3a68bed31777889ee196') in 0.036189 seconds 
  Import took 0.063475 seconds .

========================================================================
Received Import Request.
  Time since last request: 68.086261 seconds.
  path: Assets/Scenes/Level 2/Level 19.unity
  artifactKey: Guid(a7feebe712084164d8adcbf9ae80b2bf) Importer(815301076,1909f56bfc062723c751e8b465ee728b)
Start importing Assets/Scenes/Level 2/Level 19.unity using Guid(a7feebe712084164d8adcbf9ae80b2bf) Importer(815301076,1909f56bfc062723c751e8b465ee728b)  -> (artifact id: '655e1e4a7491055372e04e0fbb2be00f') in 0.030012 seconds 
  Import took 0.055467 seconds .

========================================================================
Received Import Request.
  Time since last request: 235.803761 seconds.
  path: Assets/Scenes/Level 2/Final Level 20.unity
  artifactKey: Guid(82837a396ed17cb41aced1972523ad73) Importer(815301076,1909f56bfc062723c751e8b465ee728b)
Start importing Assets/Scenes/Level 2/Final Level 20.unity using Guid(82837a396ed17cb41aced1972523ad73) Importer(815301076,1909f56bfc062723c751e8b465ee728b)  -> (artifact id: '4209b9ddd955b5a84db27f42a05366a1') in 0.038743 seconds 
  Import took 0.066260 seconds .

========================================================================
Received Import Request.
  Time since last request: 475.437417 seconds.
  path: Assets/Scenes/Level 3/Final Level 30.unity
  artifactKey: Guid(87d96dd4030c80344ae3c0f754b88d64) Importer(815301076,1909f56bfc062723c751e8b465ee728b)
Start importing Assets/Scenes/Level 3/Final Level 30.unity using Guid(87d96dd4030c80344ae3c0f754b88d64) Importer(815301076,1909f56bfc062723c751e8b465ee728b)  -> (artifact id: '6943516e5af25d8b7c2c7810fba04915') in 0.038866 seconds 
  Import took 0.071966 seconds .

========================================================================
Received Import Request.
  Time since last request: 200.537322 seconds.
  path: Assets/Scenes/Level 2/Level 11.unity
  artifactKey: Guid(d7b5bb7d36eed4142a86671fa89d2b6f) Importer(815301076,1909f56bfc062723c751e8b465ee728b)
Start importing Assets/Scenes/Level 2/Level 11.unity using Guid(d7b5bb7d36eed4142a86671fa89d2b6f) Importer(815301076,1909f56bfc062723c751e8b465ee728b)  -> (artifact id: '988ba6beca9e41f3fc30d51a7b8bacf2') in 0.013986 seconds 
  Import took 0.047713 seconds .

========================================================================
Received Import Request.
  Time since last request: 9.795817 seconds.
  path: Assets/Scenes/Level 3/Final Level 30.unity
  artifactKey: Guid(87d96dd4030c80344ae3c0f754b88d64) Importer(815301076,1909f56bfc062723c751e8b465ee728b)
Start importing Assets/Scenes/Level 3/Final Level 30.unity using Guid(87d96dd4030c80344ae3c0f754b88d64) Importer(815301076,1909f56bfc062723c751e8b465ee728b)  -> (artifact id: '7b679940ea9afc88abb071ca2f8eb85c') in 0.023797 seconds 
  Import took 0.050980 seconds .

========================================================================
Received Import Request.
  Time since last request: 222.180750 seconds.
  path: Assets/Scenes/Level 1/Final Level 1.unity
  artifactKey: Guid(00b22daa1bc52014da00e60e2f7f03ec) Importer(815301076,1909f56bfc062723c751e8b465ee728b)
Start importing Assets/Scenes/Level 1/Final Level 1.unity using Guid(00b22daa1bc52014da00e60e2f7f03ec) Importer(815301076,1909f56bfc062723c751e8b465ee728b)  -> (artifact id: '1bbbdf8b050038fd1e8b72f484bed13f') in 0.038456 seconds 
  Import took 0.065224 seconds .

========================================================================
Received Import Request.
  Time since last request: 3.289400 seconds.
  path: Assets/Scenes/Level 1/Level 3.unity
  artifactKey: Guid(8f7bc19b802a9394089aa2f73062e1c8) Importer(815301076,1909f56bfc062723c751e8b465ee728b)
Start importing Assets/Scenes/Level 1/Level 3.unity using Guid(8f7bc19b802a9394089aa2f73062e1c8) Importer(815301076,1909f56bfc062723c751e8b465ee728b)  -> (artifact id: 'd42b95beab757f37da25441a53912173') in 0.022490 seconds 
  Import took 0.058053 seconds .

========================================================================
Received Import Request.
  Time since last request: 0.717823 seconds.
  path: Assets/Scenes/Level 1/Level 4.unity
  artifactKey: Guid(82477e2debe499542abf7898155d2134) Importer(815301076,1909f56bfc062723c751e8b465ee728b)
Start importing Assets/Scenes/Level 1/Level 4.unity using Guid(82477e2debe499542abf7898155d2134) Importer(815301076,1909f56bfc062723c751e8b465ee728b)  -> (artifact id: '2f8831972ac9206de0bed4551b3f4ad5') in 0.017278 seconds 
  Import took 0.049806 seconds .

========================================================================
Received Import Request.
  Time since last request: 2.423585 seconds.
  path: Assets/Scenes/Level 2/Final Level 20.unity
  artifactKey: Guid(82837a396ed17cb41aced1972523ad73) Importer(815301076,1909f56bfc062723c751e8b465ee728b)
Start importing Assets/Scenes/Level 2/Final Level 20.unity using Guid(82837a396ed17cb41aced1972523ad73) Importer(815301076,1909f56bfc062723c751e8b465ee728b)  -> (artifact id: 'f5828b45bd4ae33439c1546631f36e21') in 0.039108 seconds 
  Import took 0.071261 seconds .

========================================================================
Received Import Request.
  Time since last request: 3.078703 seconds.
  path: Assets/Scenes/Level 2/Level 12.unity
  artifactKey: Guid(5ec2484af6043e24c8398f8b3cf835b6) Importer(815301076,1909f56bfc062723c751e8b465ee728b)
Start importing Assets/Scenes/Level 2/Level 12.unity using Guid(5ec2484af6043e24c8398f8b3cf835b6) Importer(815301076,1909f56bfc062723c751e8b465ee728b)  -> (artifact id: '71216adbba79f324c2adedcbca2ee9b8') in 0.026013 seconds 
  Import took 0.054582 seconds .

========================================================================
Received Import Request.
  Time since last request: 2.761417 seconds.
  path: Assets/Scenes/Level 3/Final Level 30.unity
  artifactKey: Guid(87d96dd4030c80344ae3c0f754b88d64) Importer(815301076,1909f56bfc062723c751e8b465ee728b)
Start importing Assets/Scenes/Level 3/Final Level 30.unity using Guid(87d96dd4030c80344ae3c0f754b88d64) Importer(815301076,1909f56bfc062723c751e8b465ee728b)  -> (artifact id: '4c336612c9d6b84f40bb5c4e49378232') in 0.023631 seconds 
  Import took 0.052419 seconds .

========================================================================
Received Import Request.
  Time since last request: 91.153760 seconds.
  path: Assets/TextMesh Pro/Fonts/BradBunR.ttf
  artifactKey: Guid(b31ef8bf1df88c645ad5dba0011b2328) Importer(815301076,1909f56bfc062723c751e8b465ee728b)
Start importing Assets/TextMesh Pro/Fonts/BradBunR.ttf using Guid(b31ef8bf1df88c645ad5dba0011b2328) Importer(815301076,1909f56bfc062723c751e8b465ee728b)  -> (artifact id: 'f574eb64d92533567f5b8f16af43ffb5') in 0.716396 seconds 
  Import took 0.746178 seconds .

========================================================================
Received Import Request.
  Time since last request: 0.000502 seconds.
  path: Assets/TextMesh Pro/Fonts/QUICKSAND-BOLD.TTF
  artifactKey: Guid(1f43e4a63d450b74ca6c52d1a2b409ee) Importer(815301076,1909f56bfc062723c751e8b465ee728b)
Start importing Assets/TextMesh Pro/Fonts/QUICKSAND-BOLD.TTF using Guid(1f43e4a63d450b74ca6c52d1a2b409ee) Importer(815301076,1909f56bfc062723c751e8b465ee728b)  -> (artifact id: '50e1fec41872aad6a189422b5dc1587d') in 0.098284 seconds 
  Import took 0.127497 seconds .

========================================================================
Received Import Request.
  Time since last request: 0.001134 seconds.
  path: Assets/TextMesh Pro/Fonts/BradBunR.ttf
  artifactKey: Guid(b31ef8bf1df88c645ad5dba0011b2328) Importer(815301076,1909f56bfc062723c751e8b465ee728b)
Start importing Assets/TextMesh Pro/Fonts/BradBunR.ttf using Guid(b31ef8bf1df88c645ad5dba0011b2328) Importer(815301076,1909f56bfc062723c751e8b465ee728b)  -> (artifact id: 'f574eb64d92533567f5b8f16af43ffb5') in 0.083786 seconds 
  Import took 0.104434 seconds .

========================================================================
Received Import Request.
  Time since last request: 0.000436 seconds.
  path: Assets/TextMesh Pro/Fonts/LiberationSans.ttf
  artifactKey: Guid(e3265ab4bf004d28a9537516768c1c75) Importer(815301076,1909f56bfc062723c751e8b465ee728b)
Start importing Assets/TextMesh Pro/Fonts/LiberationSans.ttf using Guid(e3265ab4bf004d28a9537516768c1c75) Importer(815301076,1909f56bfc062723c751e8b465ee728b)  -> (artifact id: 'cec1587b7129bde4b287cc77833a66ca') in 0.050029 seconds 
  Import took 0.072080 seconds .

========================================================================
Received Import Request.
  Time since last request: 200.829632 seconds.
  path: Assets/Scenes/Level 3/Level 22.unity
  artifactKey: Guid(953c9c6cfca88d14d8188b96ecb90582) Importer(815301076,1909f56bfc062723c751e8b465ee728b)
Start importing Assets/Scenes/Level 3/Level 22.unity using Guid(953c9c6cfca88d14d8188b96ecb90582) Importer(815301076,1909f56bfc062723c751e8b465ee728b)  -> (artifact id: '7062a74722573136ec152c729a475fa6') in 0.029120 seconds 
  Import took 0.053539 seconds .

========================================================================
Received Import Request.
  Time since last request: 187.833744 seconds.
  path: Assets/Scenes/Level 3/Level 23.unity
  artifactKey: Guid(5e43c5c82cc40754cb993c2f272f23dd) Importer(815301076,1909f56bfc062723c751e8b465ee728b)
Start importing Assets/Scenes/Level 3/Level 23.unity using Guid(5e43c5c82cc40754cb993c2f272f23dd) Importer(815301076,1909f56bfc062723c751e8b465ee728b)  -> (artifact id: '7a56fd277af704362f33c08a595612e1') in 0.022643 seconds 
  Import took 0.052787 seconds .

========================================================================
Received Import Request.
  Time since last request: 153.847800 seconds.
  path: Assets/Scenes/Level 3/Level 24.unity
  artifactKey: Guid(f0bef71b1a1bb794e8bdb6171a0add9c) Importer(815301076,1909f56bfc062723c751e8b465ee728b)
Start importing Assets/Scenes/Level 3/Level 24.unity using Guid(f0bef71b1a1bb794e8bdb6171a0add9c) Importer(815301076,1909f56bfc062723c751e8b465ee728b)  -> (artifact id: '298c42d895d015b2de065358fe620acc') in 0.020656 seconds 
  Import took 0.056281 seconds .

========================================================================
Received Import Request.
  Time since last request: 136.518201 seconds.
  path: Assets/Scenes/Level 3/Level 25.unity
  artifactKey: Guid(f7e18270b1d04cb448d6ef7f86aadca6) Importer(815301076,1909f56bfc062723c751e8b465ee728b)
Start importing Assets/Scenes/Level 3/Level 25.unity using Guid(f7e18270b1d04cb448d6ef7f86aadca6) Importer(815301076,1909f56bfc062723c751e8b465ee728b)  -> (artifact id: '25ca9bc98cdc3f3eaecbd2a7b1757326') in 0.027761 seconds 
  Import took 0.060037 seconds .

========================================================================
Received Import Request.
  Time since last request: 205.051189 seconds.
  path: Assets/Scenes/Level 3/Level 26.unity
  artifactKey: Guid(27bb1cfcaa1cd6a41bce3024f01cd3a5) Importer(815301076,1909f56bfc062723c751e8b465ee728b)
Start importing Assets/Scenes/Level 3/Level 26.unity using Guid(27bb1cfcaa1cd6a41bce3024f01cd3a5) Importer(815301076,1909f56bfc062723c751e8b465ee728b)  -> (artifact id: '027030be589cc3bb2c10e3cea099d378') in 0.025588 seconds 
  Import took 0.051944 seconds .

========================================================================
Received Import Request.
  Time since last request: 121.581509 seconds.
  path: Assets/Scenes/Level 3/Level 27.unity
  artifactKey: Guid(30c0e2167cc83f248b2159eac0925909) Importer(815301076,1909f56bfc062723c751e8b465ee728b)
Start importing Assets/Scenes/Level 3/Level 27.unity using Guid(30c0e2167cc83f248b2159eac0925909) Importer(815301076,1909f56bfc062723c751e8b465ee728b)  -> (artifact id: '2f7755b8305a05797143bf68f6cb7b14') in 0.028725 seconds 
  Import took 0.058955 seconds .

========================================================================
Received Import Request.
  Time since last request: 138.704055 seconds.
  path: Assets/Scenes/Level 3/Level 28.unity
  artifactKey: Guid(314a148123230b94ba163298bf509a55) Importer(815301076,1909f56bfc062723c751e8b465ee728b)
Start importing Assets/Scenes/Level 3/Level 28.unity using Guid(314a148123230b94ba163298bf509a55) Importer(815301076,1909f56bfc062723c751e8b465ee728b)  -> (artifact id: '354d979d5e71e58de9ca82deefd384a5') in 0.022742 seconds 
  Import took 0.053277 seconds .

========================================================================
Received Import Request.
  Time since last request: 105.496738 seconds.
  path: Assets/Scenes/Level 3/Level 29.unity
  artifactKey: Guid(c44e564c70be6a94ca85771e02618d29) Importer(815301076,1909f56bfc062723c751e8b465ee728b)
Start importing Assets/Scenes/Level 3/Level 29.unity using Guid(c44e564c70be6a94ca85771e02618d29) Importer(815301076,1909f56bfc062723c751e8b465ee728b)  -> (artifact id: '25ab398434b160c939494119a0166aec') in 0.046522 seconds 
  Import took 0.071223 seconds .

========================================================================
Received Import Request.
  Time since last request: 128.209030 seconds.
  path: Assets/Scenes/Level 4/Final Level 40.unity
  artifactKey: Guid(9ecbdcfaf91a467489f794bc6b96a030) Importer(815301076,1909f56bfc062723c751e8b465ee728b)
Start importing Assets/Scenes/Level 4/Final Level 40.unity using Guid(9ecbdcfaf91a467489f794bc6b96a030) Importer(815301076,1909f56bfc062723c751e8b465ee728b)  -> (artifact id: '25c91307c18aa3e029142362be6c7277') in 0.028093 seconds 
  Import took 0.056489 seconds .

========================================================================
Received Import Request.
  Time since last request: 186.915253 seconds.
  path: Assets/Scenes/Level 4/Level 31.unity
  artifactKey: Guid(0abfb52fe91e5fd45a9cf5ead3b1a6e1) Importer(815301076,1909f56bfc062723c751e8b465ee728b)
Start importing Assets/Scenes/Level 4/Level 31.unity using Guid(0abfb52fe91e5fd45a9cf5ead3b1a6e1) Importer(815301076,1909f56bfc062723c751e8b465ee728b)  -> (artifact id: '8cdb8a1d81c7418a6bd6c2e0ab99a571') in 0.030785 seconds 
  Import took 0.056023 seconds .

========================================================================
Received Import Request.
  Time since last request: 267.326155 seconds.
  path: Assets/Scenes/Level 4/Level 32.unity
  artifactKey: Guid(83c8e30a2048e9145adb82d8090677f0) Importer(815301076,1909f56bfc062723c751e8b465ee728b)
Start importing Assets/Scenes/Level 4/Level 32.unity using Guid(83c8e30a2048e9145adb82d8090677f0) Importer(815301076,1909f56bfc062723c751e8b465ee728b)  -> (artifact id: '8213d7dde78cebf948e2ef34f27eba00') in 0.024421 seconds 
  Import took 0.052750 seconds .

========================================================================
Received Import Request.
  Time since last request: 113.509139 seconds.
  path: Assets/Scenes/Level 4/Level 33.unity
  artifactKey: Guid(72712fa4241879744917b1c280528644) Importer(815301076,1909f56bfc062723c751e8b465ee728b)
Start importing Assets/Scenes/Level 4/Level 33.unity using Guid(72712fa4241879744917b1c280528644) Importer(815301076,1909f56bfc062723c751e8b465ee728b)  -> (artifact id: '3a1ff27a7e70bfaedddba99c54e5b21d') in 0.022831 seconds 
  Import took 0.053044 seconds .

========================================================================
Received Import Request.
  Time since last request: 140.878403 seconds.
  path: Assets/Scenes/Level 4/Level 34.unity
  artifactKey: Guid(b62139ec67e4fda45a4eb7a1fc9cf524) Importer(815301076,1909f56bfc062723c751e8b465ee728b)
Start importing Assets/Scenes/Level 4/Level 34.unity using Guid(b62139ec67e4fda45a4eb7a1fc9cf524) Importer(815301076,1909f56bfc062723c751e8b465ee728b)  -> (artifact id: '357add1225adc360ac87fba88db771b4') in 0.025814 seconds 
  Import took 0.050330 seconds .

========================================================================
Received Import Request.
  Time since last request: 144.975617 seconds.
  path: Assets/Scenes/Level 4/Level 35.unity
  artifactKey: Guid(77c6999167fb7794693fd2af340380e4) Importer(815301076,1909f56bfc062723c751e8b465ee728b)
Start importing Assets/Scenes/Level 4/Level 35.unity using Guid(77c6999167fb7794693fd2af340380e4) Importer(815301076,1909f56bfc062723c751e8b465ee728b)  -> (artifact id: '2b9985afbd20d48a8ea10197e143cf37') in 0.027682 seconds 
  Import took 0.053504 seconds .

========================================================================
Received Import Request.
  Time since last request: 122.826016 seconds.
  path: Assets/Scenes/Level 4/Level 36.unity
  artifactKey: Guid(8acdf2dbe726d984795e7a4138702b69) Importer(815301076,1909f56bfc062723c751e8b465ee728b)
Start importing Assets/Scenes/Level 4/Level 36.unity using Guid(8acdf2dbe726d984795e7a4138702b69) Importer(815301076,1909f56bfc062723c751e8b465ee728b)  -> (artifact id: 'ff8d8a08e755e270f2b04006161d4882') in 0.021921 seconds 
  Import took 0.055202 seconds .

========================================================================
Received Import Request.
  Time since last request: 133.769085 seconds.
  path: Assets/Scenes/Level 4/Level 37.unity
  artifactKey: Guid(9f6dfdd858460574a92b8edc352c7e65) Importer(815301076,1909f56bfc062723c751e8b465ee728b)
Start importing Assets/Scenes/Level 4/Level 37.unity using Guid(9f6dfdd858460574a92b8edc352c7e65) Importer(815301076,1909f56bfc062723c751e8b465ee728b)  -> (artifact id: 'a1b26a9befd9465038793a1ad51fcff8') in 0.020972 seconds 
  Import took 0.053926 seconds .

========================================================================
Received Import Request.
  Time since last request: 163.035225 seconds.
  path: Assets/Scenes/Level 4/Level 38.unity
  artifactKey: Guid(3f4c6e82a210c9b41bc38a3f40b85aa2) Importer(815301076,1909f56bfc062723c751e8b465ee728b)
Start importing Assets/Scenes/Level 4/Level 38.unity using Guid(3f4c6e82a210c9b41bc38a3f40b85aa2) Importer(815301076,1909f56bfc062723c751e8b465ee728b)  -> (artifact id: '275d584407f9fe0a7e760c33838e0df5') in 0.027556 seconds 
  Import took 0.060435 seconds .

========================================================================
Received Import Request.
  Time since last request: 158.101513 seconds.
  path: Assets/Scenes/Level 4/Level 39.unity
  artifactKey: Guid(eeec7b24e68553d47821399baa38d6ae) Importer(815301076,1909f56bfc062723c751e8b465ee728b)
Start importing Assets/Scenes/Level 4/Level 39.unity using Guid(eeec7b24e68553d47821399baa38d6ae) Importer(815301076,1909f56bfc062723c751e8b465ee728b)  -> (artifact id: '27a817bb8203c1e71db6ffb1270f3a2e') in 0.025067 seconds 
  Import took 0.052639 seconds .

========================================================================
Received Import Request.
  Time since last request: 243.580806 seconds.
  path: Assets/Scenes/Level 4/Level 32.unity
  artifactKey: Guid(83c8e30a2048e9145adb82d8090677f0) Importer(815301076,1909f56bfc062723c751e8b465ee728b)
Start importing Assets/Scenes/Level 4/Level 32.unity using Guid(83c8e30a2048e9145adb82d8090677f0) Importer(815301076,1909f56bfc062723c751e8b465ee728b)  -> (artifact id: 'f20059e632f2d9788873cb3fe521ea6f') in 0.018980 seconds 
  Import took 0.054443 seconds .

========================================================================
Received Import Request.
  Time since last request: 7.604220 seconds.
  path: Assets/Scenes/Level 4/Level 39.unity
  artifactKey: Guid(eeec7b24e68553d47821399baa38d6ae) Importer(815301076,1909f56bfc062723c751e8b465ee728b)
Start importing Assets/Scenes/Level 4/Level 39.unity using Guid(eeec7b24e68553d47821399baa38d6ae) Importer(815301076,1909f56bfc062723c751e8b465ee728b)  -> (artifact id: 'f9a583b107f6d4ea58d1f7cbd86dabc3') in 0.015102 seconds 
  Import took 0.045396 seconds .

========================================================================
Received Import Request.
  Time since last request: 10.359146 seconds.
  path: Assets/Scenes/Level 5/Final Level 50.unity
  artifactKey: Guid(33c7185e0492bb14dade50d5294bf0f5) Importer(815301076,1909f56bfc062723c751e8b465ee728b)
Start importing Assets/Scenes/Level 5/Final Level 50.unity using Guid(33c7185e0492bb14dade50d5294bf0f5) Importer(815301076,1909f56bfc062723c751e8b465ee728b)  -> (artifact id: 'e01a517a7b749b8e41288d8e2cb4d94c') in 0.024774 seconds 
  Import took 0.051683 seconds .

========================================================================
Received Import Request.
  Time since last request: 125.085185 seconds.
  path: Assets/Scenes/Level 5/Level 41.unity
  artifactKey: Guid(8d6460aebc222714ca38abc4e1de069f) Importer(815301076,1909f56bfc062723c751e8b465ee728b)
Start importing Assets/Scenes/Level 5/Level 41.unity using Guid(8d6460aebc222714ca38abc4e1de069f) Importer(815301076,1909f56bfc062723c751e8b465ee728b)  -> (artifact id: 'b31f900062f5806d7714d14a982ec4cc') in 0.029835 seconds 
  Import took 0.060748 seconds .

========================================================================
Received Import Request.
  Time since last request: 107.752953 seconds.
  path: Assets/Scenes/Level 5/Level 42.unity
  artifactKey: Guid(7b57a29595e511343b5885355467069a) Importer(815301076,1909f56bfc062723c751e8b465ee728b)
Start importing Assets/Scenes/Level 5/Level 42.unity using Guid(7b57a29595e511343b5885355467069a) Importer(815301076,1909f56bfc062723c751e8b465ee728b)  -> (artifact id: '6d3ae4e3f7df72cf2926814cedf16cd3') in 0.028577 seconds 
  Import took 0.060386 seconds .

========================================================================
Received Import Request.
  Time since last request: 178.981663 seconds.
  path: Assets/Scenes/Level 5/Level 43.unity
  artifactKey: Guid(c87cd9d673d89bb45928f1214acd3837) Importer(815301076,1909f56bfc062723c751e8b465ee728b)
Start importing Assets/Scenes/Level 5/Level 43.unity using Guid(c87cd9d673d89bb45928f1214acd3837) Importer(815301076,1909f56bfc062723c751e8b465ee728b)  -> (artifact id: '70d4cece1bb7fe46ad29a0b50e2b0537') in 0.028138 seconds 
  Import took 0.055727 seconds .

========================================================================
Received Import Request.
  Time since last request: 119.195908 seconds.
  path: Assets/Scenes/Level 5/Level 44.unity
  artifactKey: Guid(4c4927da22101424f9cf2ee4def96ead) Importer(815301076,1909f56bfc062723c751e8b465ee728b)
Start importing Assets/Scenes/Level 5/Level 44.unity using Guid(4c4927da22101424f9cf2ee4def96ead) Importer(815301076,1909f56bfc062723c751e8b465ee728b)  -> (artifact id: '474f7b616857c78e9b10f960738b87c9') in 0.025560 seconds 
  Import took 0.054938 seconds .

========================================================================
Received Import Request.
  Time since last request: 148.811803 seconds.
  path: Assets/Scenes/Level 5/Level 45.unity
  artifactKey: Guid(e3bb85b48cc0f1441a2cd7f57aea1809) Importer(815301076,1909f56bfc062723c751e8b465ee728b)
Start importing Assets/Scenes/Level 5/Level 45.unity using Guid(e3bb85b48cc0f1441a2cd7f57aea1809) Importer(815301076,1909f56bfc062723c751e8b465ee728b)  -> (artifact id: '154283c15dc8c191cc01045d1691d88f') in 0.025918 seconds 
  Import took 0.052161 seconds .

========================================================================
Received Import Request.
  Time since last request: 132.088871 seconds.
  path: Assets/Scenes/Level 5/Level 46.unity
  artifactKey: Guid(e4f3ced001ec3ed4ea6c5923ac29b39c) Importer(815301076,1909f56bfc062723c751e8b465ee728b)
Start importing Assets/Scenes/Level 5/Level 46.unity using Guid(e4f3ced001ec3ed4ea6c5923ac29b39c) Importer(815301076,1909f56bfc062723c751e8b465ee728b)  -> (artifact id: '1dd7302ed6ba777f8fca55d2205355c3') in 0.027503 seconds 
  Import took 0.054856 seconds .

========================================================================
Received Import Request.
  Time since last request: 155.793062 seconds.
  path: Assets/Scenes/Level 5/Level 47.unity
  artifactKey: Guid(2e69248250110244a93d15e8cd37fbe3) Importer(815301076,1909f56bfc062723c751e8b465ee728b)
Start importing Assets/Scenes/Level 5/Level 47.unity using Guid(2e69248250110244a93d15e8cd37fbe3) Importer(815301076,1909f56bfc062723c751e8b465ee728b)  -> (artifact id: 'e5016bd46944fc0aa93bed269395ddce') in 0.073103 seconds 
  Import took 0.102984 seconds .

========================================================================
Received Import Request.
  Time since last request: 155.566794 seconds.
  path: Assets/Scenes/Level 5/Level 48.unity
  artifactKey: Guid(65cbb3d0c5996984b87147cbfff63161) Importer(815301076,1909f56bfc062723c751e8b465ee728b)
Start importing Assets/Scenes/Level 5/Level 48.unity using Guid(65cbb3d0c5996984b87147cbfff63161) Importer(815301076,1909f56bfc062723c751e8b465ee728b)  -> (artifact id: 'cba78a1e6f9613a345072fdd638843e0') in 0.018477 seconds 
  Import took 0.055475 seconds .

========================================================================
Received Import Request.
  Time since last request: 396.456668 seconds.
  path: Assets/Scenes/Level 5/Level 49.unity
  artifactKey: Guid(478bf81aaa6c08947be14acbd8644619) Importer(815301076,1909f56bfc062723c751e8b465ee728b)
Start importing Assets/Scenes/Level 5/Level 49.unity using Guid(478bf81aaa6c08947be14acbd8644619) Importer(815301076,1909f56bfc062723c751e8b465ee728b)  -> (artifact id: 'e81e53466ddf4ac25f656d8fe4999574') in 0.030040 seconds 
  Import took 0.065354 seconds .

========================================================================
Received Import Request.
  Time since last request: 261.611805 seconds.
  path: Assets/Prefabs/UI/Game over Panel time.prefab
  artifactKey: Guid(fb70d21439c0d7a4eae08ceb93c729be) Importer(815301076,1909f56bfc062723c751e8b465ee728b)
Start importing Assets/Prefabs/UI/Game over Panel time.prefab using Guid(fb70d21439c0d7a4eae08ceb93c729be) Importer(815301076,1909f56bfc062723c751e8b465ee728b)  -> (artifact id: '2ed33acfa048ff2f929fc874febc091b') in 0.552149 seconds 
  Import took 0.583314 seconds .

========================================================================
Received Import Request.
  Time since last request: 8.062560 seconds.
  path: Assets/Prefabs/UI/Game over Panel time.prefab
  artifactKey: Guid(fb70d21439c0d7a4eae08ceb93c729be) Importer(815301076,1909f56bfc062723c751e8b465ee728b)
Start importing Assets/Prefabs/UI/Game over Panel time.prefab using Guid(fb70d21439c0d7a4eae08ceb93c729be) Importer(815301076,1909f56bfc062723c751e8b465ee728b)  -> (artifact id: '3ce0d4e71525c0206421e2df69fe69a3') in 0.052022 seconds 
  Import took 0.087222 seconds .

========================================================================
Received Import Request.
  Time since last request: 5.192417 seconds.
  path: Assets/Scenes/Level 1/Level 1.unity
  artifactKey: Guid(97b176a0707754842b9ed4f50b6bb611) Importer(815301076,1909f56bfc062723c751e8b465ee728b)
Start importing Assets/Scenes/Level 1/Level 1.unity using Guid(97b176a0707754842b9ed4f50b6bb611) Importer(815301076,1909f56bfc062723c751e8b465ee728b)  -> (artifact id: '9ce7e82ee035a43ec653f9f5cc84527c') in 0.016471 seconds 
  Import took 0.053960 seconds .

========================================================================
Received Import Request.
  Time since last request: 111.205429 seconds.
  path: Assets/Scenes/Level 3/Level 21.unity
  artifactKey: Guid(340e07aa38bb41740be19352ff2d983e) Importer(815301076,1909f56bfc062723c751e8b465ee728b)
Start importing Assets/Scenes/Level 3/Level 21.unity using Guid(340e07aa38bb41740be19352ff2d983e) Importer(815301076,1909f56bfc062723c751e8b465ee728b)  -> (artifact id: 'dbba6d1dccbf9d2735ccd6e067c40d1e') in 0.030219 seconds 
  Import took 0.057588 seconds .

